<?xml version="1.0" encoding="UTF-8"?>
<coverage generated="1582746740084" clover="3.2.0">
  <project timestamp="1582746740084" name="All files">
    <metrics statements="13" coveredstatements="13" conditionals="3" coveredconditionals="3" methods="7" coveredmethods="7" elements="23" coveredelements="23" complexity="0" loc="13" ncloc="13" packages="1" files="1" classes="1"/>
    <file name="auto-complete.js" path="/Users/Guna/Development/coursebook-search/src/components/SearchBar/auto-complete.js">
      <metrics statements="13" coveredstatements="13" conditionals="3" coveredconditionals="3" methods="7" coveredmethods="7"/>
      <line num="13" count="5" type="stmt"/>
      <line num="15" count="5" type="stmt"/>
      <line num="16" count="1" type="stmt"/>
      <line num="19" count="5" type="stmt"/>
      <line num="20" count="1" type="stmt"/>
      <line num="23" count="5" type="stmt"/>
      <line num="24" count="1" type="stmt"/>
      <line num="27" count="5" type="stmt"/>
      <line num="28" count="1" type="stmt"/>
      <line num="29" count="1" type="stmt"/>
      <line num="32" count="5" type="cond" truecount="3" falsecount="0"/>
      <line num="35" count="5" type="stmt"/>
      <line num="46" count="5" type="stmt"/>
    </file>
  </project>
</coverage>
