{"/Users/Guna/Development/coursebook-search/src/api/course-book-finder.js": {"path":"/Users/Guna/Development/coursebook-search/src/api/course-book-finder.js","statementMap":{"0":{"start":{"line":1,"column":30},"end":{"line":1,"column":31}},"1":{"start":{"line":2,"column":34},"end":{"line":2,"column":35}},"2":{"start":{"line":6,"column":4},"end":{"line":6,"column":32}},"3":{"start":{"line":7,"column":4},"end":{"line":7,"column":46}},"4":{"start":{"line":19,"column":4},"end":{"line":21,"column":5}},"5":{"start":{"line":20,"column":6},"end":{"line":20,"column":33}},"6":{"start":{"line":23,"column":21},"end":{"line":23,"column":48}},"7":{"start":{"line":24,"column":18},"end":{"line":24,"column":37}},"8":{"start":{"line":25,"column":18},"end":{"line":25,"column":71}},"9":{"start":{"line":27,"column":4},"end":{"line":32,"column":7}},"10":{"start":{"line":28,"column":22},"end":{"line":28,"column":57}},"11":{"start":{"line":29,"column":20},"end":{"line":29,"column":49}},"12":{"start":{"line":31,"column":6},"end":{"line":31,"column":19}},"13":{"start":{"line":46,"column":23},"end":{"line":46,"column":47}},"14":{"start":{"line":47,"column":25},"end":{"line":47,"column":27}},"15":{"start":{"line":48,"column":27},"end":{"line":48,"column":29}},"16":{"start":{"line":50,"column":4},"end":{"line":80,"column":7}},"17":{"start":{"line":51,"column":6},"end":{"line":72,"column":7}},"18":{"start":{"line":51,"column":19},"end":{"line":51,"column":20}},"19":{"start":{"line":51,"column":28},"end":{"line":51,"column":45}},"20":{"start":{"line":52,"column":21},"end":{"line":52,"column":64}},"21":{"start":{"line":54,"column":8},"end":{"line":59,"column":9}},"22":{"start":{"line":55,"column":10},"end":{"line":57,"column":13}},"23":{"start":{"line":58,"column":10},"end":{"line":58,"column":16}},"24":{"start":{"line":61,"column":20},"end":{"line":61,"column":21}},"25":{"start":{"line":63,"column":8},"end":{"line":66,"column":9}},"26":{"start":{"line":63,"column":21},"end":{"line":63,"column":22}},"27":{"start":{"line":63,"column":38},"end":{"line":63,"column":50}},"28":{"start":{"line":64,"column":23},"end":{"line":64,"column":31}},"29":{"start":{"line":65,"column":10},"end":{"line":65,"column":54}},"30":{"start":{"line":68,"column":8},"end":{"line":71,"column":11}},"31":{"start":{"line":74,"column":21},"end":{"line":77,"column":7}},"32":{"start":{"line":79,"column":6},"end":{"line":79,"column":22}},"33":{"start":{"line":92,"column":45},"end":{"line":92,"column":52}},"34":{"start":{"line":93,"column":18},"end":{"line":93,"column":20}},"35":{"start":{"line":95,"column":4},"end":{"line":100,"column":5}},"36":{"start":{"line":96,"column":6},"end":{"line":96,"column":36}},"37":{"start":{"line":98,"column":35},"end":{"line":98,"column":68}},"38":{"start":{"line":99,"column":6},"end":{"line":99,"column":53}},"39":{"start":{"line":102,"column":4},"end":{"line":102,"column":19}},"40":{"start":{"line":112,"column":4},"end":{"line":112,"column":53}},"41":{"start":{"line":112,"column":34},"end":{"line":112,"column":51}},"42":{"start":{"line":124,"column":43},"end":{"line":124,"column":63}},"43":{"start":{"line":126,"column":18},"end":{"line":135,"column":6}},"44":{"start":{"line":127,"column":26},"end":{"line":127,"column":47}},"45":{"start":{"line":128,"column":25},"end":{"line":128,"column":44}},"46":{"start":{"line":130,"column":6},"end":{"line":134,"column":8}},"47":{"start":{"line":137,"column":4},"end":{"line":137,"column":17}},"48":{"start":{"line":141,"column":0},"end":{"line":141,"column":34}}},"fnMap":{"0":{"name":"(anonymous_0)","decl":{"start":{"line":5,"column":2},"end":{"line":5,"column":3}},"loc":{"start":{"line":5,"column":20},"end":{"line":8,"column":3}},"line":5},"1":{"name":"(anonymous_1)","decl":{"start":{"line":18,"column":2},"end":{"line":18,"column":3}},"loc":{"start":{"line":18,"column":34},"end":{"line":33,"column":3}},"line":18},"2":{"name":"(anonymous_2)","decl":{"start":{"line":27,"column":51},"end":{"line":27,"column":52}},"loc":{"start":{"line":27,"column":62},"end":{"line":32,"column":5}},"line":27},"3":{"name":"(anonymous_3)","decl":{"start":{"line":45,"column":2},"end":{"line":45,"column":3}},"loc":{"start":{"line":45,"column":32},"end":{"line":81,"column":3}},"line":45},"4":{"name":"(anonymous_4)","decl":{"start":{"line":50,"column":23},"end":{"line":50,"column":24}},"loc":{"start":{"line":50,"column":34},"end":{"line":80,"column":5}},"line":50},"5":{"name":"(anonymous_5)","decl":{"start":{"line":91,"column":2},"end":{"line":91,"column":3}},"loc":{"start":{"line":91,"column":33},"end":{"line":103,"column":3}},"line":91},"6":{"name":"(anonymous_6)","decl":{"start":{"line":111,"column":2},"end":{"line":111,"column":3}},"loc":{"start":{"line":111,"column":24},"end":{"line":113,"column":3}},"line":111},"7":{"name":"(anonymous_7)","decl":{"start":{"line":112,"column":24},"end":{"line":112,"column":25}},"loc":{"start":{"line":112,"column":34},"end":{"line":112,"column":51}},"line":112},"8":{"name":"(anonymous_8)","decl":{"start":{"line":123,"column":2},"end":{"line":123,"column":3}},"loc":{"start":{"line":123,"column":27},"end":{"line":138,"column":3}},"line":123},"9":{"name":"(anonymous_9)","decl":{"start":{"line":126,"column":30},"end":{"line":126,"column":31}},"loc":{"start":{"line":126,"column":50},"end":{"line":135,"column":5}},"line":126}},"branchMap":{"0":{"loc":{"start":{"line":19,"column":4},"end":{"line":21,"column":5}},"type":"if","locations":[{"start":{"line":19,"column":4},"end":{"line":21,"column":5}},{"start":{"line":19,"column":4},"end":{"line":21,"column":5}}],"line":19},"1":{"loc":{"start":{"line":25,"column":18},"end":{"line":25,"column":71}},"type":"binary-expr","locations":[{"start":{"line":25,"column":18},"end":{"line":25,"column":42}},{"start":{"line":25,"column":46},"end":{"line":25,"column":71}}],"line":25},"2":{"loc":{"start":{"line":54,"column":8},"end":{"line":59,"column":9}},"type":"if","locations":[{"start":{"line":54,"column":8},"end":{"line":59,"column":9}},{"start":{"line":54,"column":8},"end":{"line":59,"column":9}}],"line":54},"3":{"loc":{"start":{"line":95,"column":4},"end":{"line":100,"column":5}},"type":"if","locations":[{"start":{"line":95,"column":4},"end":{"line":100,"column":5}},{"start":{"line":95,"column":4},"end":{"line":100,"column":5}}],"line":95}},"s":{"0":1,"1":1,"2":15,"3":15,"4":9,"5":1,"6":8,"7":8,"8":8,"9":8,"10":8,"11":8,"12":8,"13":5,"14":5,"15":5,"16":5,"17":5,"18":5,"19":5,"20":222,"21":222,"22":1,"23":1,"24":221,"25":221,"26":221,"27":221,"28":514,"29":514,"30":221,"31":5,"32":5,"33":7,"34":7,"35":7,"36":2,"37":5,"38":5,"39":7,"40":5,"41":261,"42":5,"43":5,"44":8,"45":8,"46":8,"47":5,"48":1},"f":{"0":15,"1":9,"2":8,"3":5,"4":5,"5":7,"6":5,"7":261,"8":5,"9":8},"b":{"0":[1,8],"1":[8,5],"2":[1,221],"3":[2,5]},"_coverageSchema":"1a1c01bbd47fc00a2c39e90264f33305004495a9","hash":"5df7e3ac37260d2b3162a6a3b9ef55b25a1b2f2b"}
}
