{"/Users/Guna/Development/coursebook-search/src/api/course-book-finder.js": {"path":"/Users/Guna/Development/coursebook-search/src/api/course-book-finder.js","statementMap":{"0":{"start":{"line":1,"column":30},"end":{"line":1,"column":31}},"1":{"start":{"line":2,"column":34},"end":{"line":2,"column":35}},"2":{"start":{"line":6,"column":4},"end":{"line":6,"column":32}},"3":{"start":{"line":7,"column":4},"end":{"line":7,"column":46}},"4":{"start":{"line":19,"column":4},"end":{"line":21,"column":5}},"5":{"start":{"line":20,"column":6},"end":{"line":20,"column":33}},"6":{"start":{"line":23,"column":21},"end":{"line":23,"column":48}},"7":{"start":{"line":24,"column":18},"end":{"line":24,"column":37}},"8":{"start":{"line":25,"column":18},"end":{"line":25,"column":71}},"9":{"start":{"line":27,"column":4},"end":{"line":32,"column":7}},"10":{"start":{"line":28,"column":22},"end":{"line":28,"column":57}},"11":{"start":{"line":29,"column":20},"end":{"line":29,"column":49}},"12":{"start":{"line":31,"column":6},"end":{"line":31,"column":19}},"13":{"start":{"line":46,"column":23},"end":{"line":46,"column":47}},"14":{"start":{"line":47,"column":25},"end":{"line":47,"column":27}},"15":{"start":{"line":48,"column":27},"end":{"line":48,"column":29}},"16":{"start":{"line":50,"column":4},"end":{"line":80,"column":7}},"17":{"start":{"line":51,"column":6},"end":{"line":72,"column":7}},"18":{"start":{"line":51,"column":19},"end":{"line":51,"column":20}},"19":{"start":{"line":51,"column":28},"end":{"line":51,"column":45}},"20":{"start":{"line":52,"column":21},"end":{"line":52,"column":64}},"21":{"start":{"line":54,"column":8},"end":{"line":59,"column":9}},"22":{"start":{"line":55,"column":10},"end":{"line":57,"column":13}},"23":{"start":{"line":58,"column":10},"end":{"line":58,"column":16}},"24":{"start":{"line":61,"column":20},"end":{"line":61,"column":21}},"25":{"start":{"line":63,"column":8},"end":{"line":66,"column":9}},"26":{"start":{"line":63,"column":21},"end":{"line":63,"column":22}},"27":{"start":{"line":63,"column":38},"end":{"line":63,"column":50}},"28":{"start":{"line":64,"column":23},"end":{"line":64,"column":31}},"29":{"start":{"line":65,"column":10},"end":{"line":65,"column":54}},"30":{"start":{"line":68,"column":8},"end":{"line":71,"column":11}},"31":{"start":{"line":74,"column":21},"end":{"line":77,"column":7}},"32":{"start":{"line":79,"column":6},"end":{"line":79,"column":22}},"33":{"start":{"line":92,"column":45},"end":{"line":92,"column":52}},"34":{"start":{"line":93,"column":18},"end":{"line":93,"column":20}},"35":{"start":{"line":95,"column":4},"end":{"line":100,"column":5}},"36":{"start":{"line":96,"column":6},"end":{"line":96,"column":36}},"37":{"start":{"line":98,"column":35},"end":{"line":98,"column":68}},"38":{"start":{"line":99,"column":6},"end":{"line":99,"column":53}},"39":{"start":{"line":102,"column":4},"end":{"line":102,"column":19}},"40":{"start":{"line":112,"column":4},"end":{"line":112,"column":53}},"41":{"start":{"line":112,"column":34},"end":{"line":112,"column":51}},"42":{"start":{"line":124,"column":43},"end":{"line":124,"column":63}},"43":{"start":{"line":126,"column":18},"end":{"line":135,"column":6}},"44":{"start":{"line":127,"column":26},"end":{"line":127,"column":47}},"45":{"start":{"line":128,"column":25},"end":{"line":128,"column":44}},"46":{"start":{"line":130,"column":6},"end":{"line":134,"column":8}},"47":{"start":{"line":137,"column":4},"end":{"line":137,"column":17}},"48":{"start":{"line":141,"column":0},"end":{"line":141,"column":34}}},"fnMap":{"0":{"name":"(anonymous_0)","decl":{"start":{"line":5,"column":2},"end":{"line":5,"column":3}},"loc":{"start":{"line":5,"column":20},"end":{"line":8,"column":3}},"line":5},"1":{"name":"(anonymous_1)","decl":{"start":{"line":18,"column":2},"end":{"line":18,"column":3}},"loc":{"start":{"line":18,"column":34},"end":{"line":33,"column":3}},"line":18},"2":{"name":"(anonymous_2)","decl":{"start":{"line":27,"column":51},"end":{"line":27,"column":52}},"loc":{"start":{"line":27,"column":62},"end":{"line":32,"column":5}},"line":27},"3":{"name":"(anonymous_3)","decl":{"start":{"line":45,"column":2},"end":{"line":45,"column":3}},"loc":{"start":{"line":45,"column":32},"end":{"line":81,"column":3}},"line":45},"4":{"name":"(anonymous_4)","decl":{"start":{"line":50,"column":23},"end":{"line":50,"column":24}},"loc":{"start":{"line":50,"column":34},"end":{"line":80,"column":5}},"line":50},"5":{"name":"(anonymous_5)","decl":{"start":{"line":91,"column":2},"end":{"line":91,"column":3}},"loc":{"start":{"line":91,"column":33},"end":{"line":103,"column":3}},"line":91},"6":{"name":"(anonymous_6)","decl":{"start":{"line":111,"column":2},"end":{"line":111,"column":3}},"loc":{"start":{"line":111,"column":24},"end":{"line":113,"column":3}},"line":111},"7":{"name":"(anonymous_7)","decl":{"start":{"line":112,"column":24},"end":{"line":112,"column":25}},"loc":{"start":{"line":112,"column":34},"end":{"line":112,"column":51}},"line":112},"8":{"name":"(anonymous_8)","decl":{"start":{"line":123,"column":2},"end":{"line":123,"column":3}},"loc":{"start":{"line":123,"column":27},"end":{"line":138,"column":3}},"line":123},"9":{"name":"(anonymous_9)","decl":{"start":{"line":126,"column":30},"end":{"line":126,"column":31}},"loc":{"start":{"line":126,"column":50},"end":{"line":135,"column":5}},"line":126}},"branchMap":{"0":{"loc":{"start":{"line":19,"column":4},"end":{"line":21,"column":5}},"type":"if","locations":[{"start":{"line":19,"column":4},"end":{"line":21,"column":5}},{"start":{"line":19,"column":4},"end":{"line":21,"column":5}}],"line":19},"1":{"loc":{"start":{"line":25,"column":18},"end":{"line":25,"column":71}},"type":"binary-expr","locations":[{"start":{"line":25,"column":18},"end":{"line":25,"column":42}},{"start":{"line":25,"column":46},"end":{"line":25,"column":71}}],"line":25},"2":{"loc":{"start":{"line":54,"column":8},"end":{"line":59,"column":9}},"type":"if","locations":[{"start":{"line":54,"column":8},"end":{"line":59,"column":9}},{"start":{"line":54,"column":8},"end":{"line":59,"column":9}}],"line":54},"3":{"loc":{"start":{"line":95,"column":4},"end":{"line":100,"column":5}},"type":"if","locations":[{"start":{"line":95,"column":4},"end":{"line":100,"column":5}},{"start":{"line":95,"column":4},"end":{"line":100,"column":5}}],"line":95}},"s":{"0":3,"1":3,"2":21,"3":21,"4":9,"5":1,"6":8,"7":8,"8":8,"9":8,"10":8,"11":8,"12":8,"13":5,"14":5,"15":5,"16":5,"17":5,"18":5,"19":5,"20":222,"21":222,"22":1,"23":1,"24":221,"25":221,"26":221,"27":221,"28":514,"29":514,"30":221,"31":5,"32":5,"33":7,"34":7,"35":7,"36":2,"37":5,"38":5,"39":7,"40":5,"41":261,"42":5,"43":5,"44":8,"45":8,"46":8,"47":5,"48":3},"f":{"0":21,"1":9,"2":8,"3":5,"4":5,"5":7,"6":5,"7":261,"8":5,"9":8},"b":{"0":[1,8],"1":[8,5],"2":[1,221],"3":[2,5]},"_coverageSchema":"1a1c01bbd47fc00a2c39e90264f33305004495a9","hash":"5df7e3ac37260d2b3162a6a3b9ef55b25a1b2f2b"}
,"/Users/Guna/Development/coursebook-search/src/components/BookSearch/index.js": {"path":"/Users/Guna/Development/coursebook-search/src/components/BookSearch/index.js","statementMap":{"0":{"start":{"line":11,"column":28},"end":{"line":11,"column":40}},"1":{"start":{"line":13,"column":29},"end":{"line":22,"column":3}},"2":{"start":{"line":14,"column":4},"end":{"line":16,"column":5}},"3":{"start":{"line":15,"column":6},"end":{"line":15,"column":13}},"4":{"start":{"line":18,"column":24},"end":{"line":18,"column":71}},"5":{"start":{"line":18,"column":50},"end":{"line":18,"column":70}},"6":{"start":{"line":19,"column":4},"end":{"line":21,"column":5}},"7":{"start":{"line":20,"column":6},"end":{"line":20,"column":33}},"8":{"start":{"line":24,"column":2},"end":{"line":29,"column":4}}},"fnMap":{"0":{"name":"BookSearch","decl":{"start":{"line":10,"column":9},"end":{"line":10,"column":19}},"loc":{"start":{"line":10,"column":22},"end":{"line":30,"column":1}},"line":10},"1":{"name":"(anonymous_1)","decl":{"start":{"line":13,"column":29},"end":{"line":13,"column":30}},"loc":{"start":{"line":13,"column":37},"end":{"line":22,"column":3}},"line":13},"2":{"name":"(anonymous_2)","decl":{"start":{"line":18,"column":35},"end":{"line":18,"column":36}},"loc":{"start":{"line":18,"column":50},"end":{"line":18,"column":70}},"line":18}},"branchMap":{"0":{"loc":{"start":{"line":14,"column":4},"end":{"line":16,"column":5}},"type":"if","locations":[{"start":{"line":14,"column":4},"end":{"line":16,"column":5}},{"start":{"line":14,"column":4},"end":{"line":16,"column":5}}],"line":14},"1":{"loc":{"start":{"line":19,"column":4},"end":{"line":21,"column":5}},"type":"if","locations":[{"start":{"line":19,"column":4},"end":{"line":21,"column":5}},{"start":{"line":19,"column":4},"end":{"line":21,"column":5}}],"line":19}},"s":{"0":2,"1":2,"2":1,"3":1,"4":0,"5":0,"6":0,"7":0,"8":2},"f":{"0":2,"1":1,"2":0},"b":{"0":[1,0],"1":[0,0]},"_coverageSchema":"1a1c01bbd47fc00a2c39e90264f33305004495a9","hash":"f9c2e37a74c1515ad90731588c123331058ccb2d"}
,"/Users/Guna/Development/coursebook-search/src/components/BooksList/index.js": {"path":"/Users/Guna/Development/coursebook-search/src/components/BooksList/index.js","statementMap":{"0":{"start":{"line":11,"column":20},"end":{"line":11,"column":25}},"1":{"start":{"line":13,"column":2},"end":{"line":15,"column":3}},"2":{"start":{"line":14,"column":4},"end":{"line":14,"column":38}},"3":{"start":{"line":17,"column":2},"end":{"line":28,"column":4}},"4":{"start":{"line":20,"column":8},"end":{"line":25,"column":10}},"5":{"start":{"line":31,"column":18},"end":{"line":35,"column":2}},"6":{"start":{"line":36,"column":0},"end":{"line":38,"column":2}},"7":{"start":{"line":40,"column":0},"end":{"line":42,"column":2}}},"fnMap":{"0":{"name":"BooksList","decl":{"start":{"line":10,"column":9},"end":{"line":10,"column":18}},"loc":{"start":{"line":10,"column":26},"end":{"line":29,"column":1}},"line":10},"1":{"name":"(anonymous_1)","decl":{"start":{"line":19,"column":17},"end":{"line":19,"column":18}},"loc":{"start":{"line":20,"column":8},"end":{"line":25,"column":10}},"line":20}},"branchMap":{"0":{"loc":{"start":{"line":13,"column":2},"end":{"line":15,"column":3}},"type":"if","locations":[{"start":{"line":13,"column":2},"end":{"line":15,"column":3}},{"start":{"line":13,"column":2},"end":{"line":15,"column":3}}],"line":13}},"s":{"0":3,"1":3,"2":1,"3":2,"4":4,"5":2,"6":2,"7":2},"f":{"0":3,"1":4},"b":{"0":[1,2]},"_coverageSchema":"1a1c01bbd47fc00a2c39e90264f33305004495a9","hash":"015e77b8ebcaa6c8c7dcf7d8195e98761c1d341b"}
,"/Users/Guna/Development/coursebook-search/src/components/Card/index.js": {"path":"/Users/Guna/Development/coursebook-search/src/components/Card/index.js","statementMap":{"0":{"start":{"line":8,"column":38},"end":{"line":8,"column":43}},"1":{"start":{"line":10,"column":2},"end":{"line":22,"column":4}},"2":{"start":{"line":25,"column":0},"end":{"line":29,"column":2}},"3":{"start":{"line":31,"column":0},"end":{"line":35,"column":2}}},"fnMap":{"0":{"name":"Card","decl":{"start":{"line":7,"column":9},"end":{"line":7,"column":13}},"loc":{"start":{"line":7,"column":21},"end":{"line":23,"column":1}},"line":7}},"branchMap":{},"s":{"0":1,"1":1,"2":3,"3":3},"f":{"0":1},"b":{},"_coverageSchema":"1a1c01bbd47fc00a2c39e90264f33305004495a9","hash":"083e216c26e9224cc2960f2bd41a6f642de935dd"}
,"/Users/Guna/Development/coursebook-search/src/components/SearchBar/auto-complete.js": {"path":"/Users/Guna/Development/coursebook-search/src/components/SearchBar/auto-complete.js","statementMap":{"0":{"start":{"line":4,"column":33},"end":{"line":4,"column":34}},"1":{"start":{"line":16,"column":6},"end":{"line":16,"column":11}},"2":{"start":{"line":18,"column":30},"end":{"line":20,"column":3}},"3":{"start":{"line":18,"column":38},"end":{"line":20,"column":3}},"4":{"start":{"line":19,"column":4},"end":{"line":19,"column":26}},"5":{"start":{"line":22,"column":33},"end":{"line":24,"column":3}},"6":{"start":{"line":23,"column":4},"end":{"line":23,"column":39}},"7":{"start":{"line":26,"column":38},"end":{"line":28,"column":3}},"8":{"start":{"line":27,"column":4},"end":{"line":27,"column":44}},"9":{"start":{"line":30,"column":33},"end":{"line":33,"column":3}},"10":{"start":{"line":31,"column":4},"end":{"line":31,"column":23}},"11":{"start":{"line":32,"column":4},"end":{"line":32,"column":19}},"12":{"start":{"line":35,"column":28},"end":{"line":47,"column":3}},"13":{"start":{"line":38,"column":8},"end":{"line":44,"column":14}},"14":{"start":{"line":49,"column":2},"end":{"line":73,"column":4}},"15":{"start":{"line":76,"column":18},"end":{"line":80,"column":2}},"16":{"start":{"line":82,"column":0},"end":{"line":91,"column":2}},"17":{"start":{"line":93,"column":0},"end":{"line":98,"column":2}}},"fnMap":{"0":{"name":"AutoCompleteList","decl":{"start":{"line":6,"column":9},"end":{"line":6,"column":25}},"loc":{"start":{"line":6,"column":33},"end":{"line":74,"column":1}},"line":6},"1":{"name":"(anonymous_1)","decl":{"start":{"line":18,"column":30},"end":{"line":18,"column":31}},"loc":{"start":{"line":18,"column":38},"end":{"line":20,"column":3}},"line":18},"2":{"name":"(anonymous_2)","decl":{"start":{"line":18,"column":38},"end":{"line":18,"column":39}},"loc":{"start":{"line":18,"column":44},"end":{"line":20,"column":3}},"line":18},"3":{"name":"(anonymous_3)","decl":{"start":{"line":22,"column":33},"end":{"line":22,"column":34}},"loc":{"start":{"line":22,"column":38},"end":{"line":24,"column":3}},"line":22},"4":{"name":"(anonymous_4)","decl":{"start":{"line":26,"column":38},"end":{"line":26,"column":39}},"loc":{"start":{"line":26,"column":43},"end":{"line":28,"column":3}},"line":26},"5":{"name":"(anonymous_5)","decl":{"start":{"line":30,"column":33},"end":{"line":30,"column":34}},"loc":{"start":{"line":30,"column":38},"end":{"line":33,"column":3}},"line":30},"6":{"name":"(anonymous_6)","decl":{"start":{"line":37,"column":21},"end":{"line":37,"column":22}},"loc":{"start":{"line":38,"column":8},"end":{"line":44,"column":14}},"line":38}},"branchMap":{"0":{"loc":{"start":{"line":35,"column":28},"end":{"line":47,"column":3}},"type":"binary-expr","locations":[{"start":{"line":35,"column":28},"end":{"line":35,"column":48}},{"start":{"line":35,"column":52},"end":{"line":35,"column":60}},{"start":{"line":36,"column":4},"end":{"line":46,"column":10}}],"line":35}},"s":{"0":3,"1":5,"2":5,"3":5,"4":1,"5":5,"6":1,"7":5,"8":1,"9":5,"10":1,"11":1,"12":5,"13":5,"14":5,"15":3,"16":3,"17":3},"f":{"0":5,"1":5,"2":1,"3":1,"4":1,"5":1,"6":5},"b":{"0":[5,5,5]},"_coverageSchema":"1a1c01bbd47fc00a2c39e90264f33305004495a9","hash":"224eeeb69ab9d29f2f73c8a32329713048dabc1f"}
,"/Users/Guna/Development/coursebook-search/src/components/SearchBar/index.js": {"path":"/Users/Guna/Development/coursebook-search/src/components/SearchBar/index.js","statementMap":{"0":{"start":{"line":8,"column":25},"end":{"line":8,"column":64}},"1":{"start":{"line":17,"column":17},"end":{"line":17,"column":51}},"2":{"start":{"line":21,"column":4},"end":{"line":21,"column":17}},"3":{"start":{"line":24,"column":4},"end":{"line":30,"column":6}},"4":{"start":{"line":33,"column":4},"end":{"line":33,"column":60}},"5":{"start":{"line":38,"column":4},"end":{"line":38,"column":53}},"6":{"start":{"line":41,"column":27},"end":{"line":48,"column":3}},"7":{"start":{"line":42,"column":4},"end":{"line":44,"column":7}},"8":{"start":{"line":47,"column":4},"end":{"line":47,"column":25}},"9":{"start":{"line":50,"column":32},"end":{"line":57,"column":3}},"10":{"start":{"line":51,"column":4},"end":{"line":53,"column":7}},"11":{"start":{"line":56,"column":4},"end":{"line":56,"column":25}},"12":{"start":{"line":59,"column":18},"end":{"line":65,"column":3}},"13":{"start":{"line":60,"column":44},"end":{"line":60,"column":54}},"14":{"start":{"line":62,"column":4},"end":{"line":64,"column":38}},"15":{"start":{"line":67,"column":24},"end":{"line":72,"column":3}},"16":{"start":{"line":68,"column":4},"end":{"line":71,"column":7}},"17":{"start":{"line":74,"column":28},"end":{"line":80,"column":3}},"18":{"start":{"line":75,"column":4},"end":{"line":79,"column":7}},"19":{"start":{"line":82,"column":27},"end":{"line":88,"column":3}},"20":{"start":{"line":83,"column":4},"end":{"line":85,"column":7}},"21":{"start":{"line":87,"column":4},"end":{"line":87,"column":49}},"22":{"start":{"line":96,"column":8},"end":{"line":96,"column":18}},"23":{"start":{"line":98,"column":4},"end":{"line":111,"column":6}},"24":{"start":{"line":115,"column":0},"end":{"line":117,"column":2}}},"fnMap":{"0":{"name":"(anonymous_0)","decl":{"start":{"line":20,"column":2},"end":{"line":20,"column":3}},"loc":{"start":{"line":20,"column":21},"end":{"line":34,"column":3}},"line":20},"1":{"name":"(anonymous_1)","decl":{"start":{"line":36,"column":2},"end":{"line":36,"column":3}},"loc":{"start":{"line":36,"column":22},"end":{"line":39,"column":3}},"line":36},"2":{"name":"(anonymous_2)","decl":{"start":{"line":41,"column":27},"end":{"line":41,"column":28}},"loc":{"start":{"line":41,"column":41},"end":{"line":48,"column":3}},"line":41},"3":{"name":"(anonymous_3)","decl":{"start":{"line":50,"column":32},"end":{"line":50,"column":33}},"loc":{"start":{"line":50,"column":51},"end":{"line":57,"column":3}},"line":50},"4":{"name":"(anonymous_4)","decl":{"start":{"line":59,"column":18},"end":{"line":59,"column":19}},"loc":{"start":{"line":59,"column":24},"end":{"line":65,"column":3}},"line":59},"5":{"name":"(anonymous_5)","decl":{"start":{"line":67,"column":24},"end":{"line":67,"column":25}},"loc":{"start":{"line":67,"column":41},"end":{"line":72,"column":3}},"line":67},"6":{"name":"(anonymous_6)","decl":{"start":{"line":74,"column":28},"end":{"line":74,"column":29}},"loc":{"start":{"line":74,"column":36},"end":{"line":80,"column":3}},"line":74},"7":{"name":"(anonymous_7)","decl":{"start":{"line":82,"column":27},"end":{"line":82,"column":28}},"loc":{"start":{"line":82,"column":33},"end":{"line":88,"column":3}},"line":82},"8":{"name":"(anonymous_8)","decl":{"start":{"line":90,"column":2},"end":{"line":90,"column":3}},"loc":{"start":{"line":90,"column":11},"end":{"line":112,"column":3}},"line":90}},"branchMap":{},"s":{"0":2,"1":2,"2":6,"3":6,"4":6,"5":6,"6":6,"7":1,"8":1,"9":6,"10":1,"11":1,"12":6,"13":0,"14":0,"15":6,"16":1,"17":6,"18":1,"19":6,"20":1,"21":1,"22":7,"23":7,"24":2},"f":{"0":6,"1":6,"2":1,"3":1,"4":0,"5":1,"6":1,"7":1,"8":7},"b":{},"_coverageSchema":"1a1c01bbd47fc00a2c39e90264f33305004495a9","hash":"30c47693811a314be859ad26b28a206e02d761d7"}
,"/Users/Guna/Development/coursebook-search/src/helpers/debounce.js": {"path":"/Users/Guna/Development/coursebook-search/src/helpers/debounce.js","statementMap":{"0":{"start":{"line":3,"column":2},"end":{"line":14,"column":4}},"1":{"start":{"line":4,"column":16},"end":{"line":4,"column":20}},"2":{"start":{"line":5,"column":17},"end":{"line":5,"column":26}},"3":{"start":{"line":7,"column":18},"end":{"line":10,"column":5}},"4":{"start":{"line":8,"column":6},"end":{"line":8,"column":19}},"5":{"start":{"line":9,"column":6},"end":{"line":9,"column":26}},"6":{"start":{"line":12,"column":4},"end":{"line":12,"column":24}},"7":{"start":{"line":13,"column":4},"end":{"line":13,"column":36}}},"fnMap":{"0":{"name":"_debounce","decl":{"start":{"line":1,"column":9},"end":{"line":1,"column":18}},"loc":{"start":{"line":1,"column":29},"end":{"line":15,"column":1}},"line":1},"1":{"name":"executedFunction","decl":{"start":{"line":3,"column":18},"end":{"line":3,"column":34}},"loc":{"start":{"line":3,"column":37},"end":{"line":14,"column":3}},"line":3},"2":{"name":"(anonymous_2)","decl":{"start":{"line":7,"column":18},"end":{"line":7,"column":19}},"loc":{"start":{"line":7,"column":29},"end":{"line":10,"column":5}},"line":7}},"branchMap":{},"s":{"0":7,"1":100,"2":100,"3":100,"4":1,"5":1,"6":100,"7":100},"f":{"0":7,"1":100,"2":1},"b":{},"_coverageSchema":"1a1c01bbd47fc00a2c39e90264f33305004495a9","hash":"bee67be5024ac800eee25405d2ed00e67f72b25e"}
,"/Users/Guna/Development/coursebook-search/src/helpers/is-empty-object.js": {"path":"/Users/Guna/Development/coursebook-search/src/helpers/is-empty-object.js","statementMap":{"0":{"start":{"line":2,"column":2},"end":{"line":2,"column":69}}},"fnMap":{"0":{"name":"_isEmptyObject","decl":{"start":{"line":1,"column":9},"end":{"line":1,"column":23}},"loc":{"start":{"line":1,"column":29},"end":{"line":3,"column":1}},"line":1}},"branchMap":{"0":{"loc":{"start":{"line":2,"column":9},"end":{"line":2,"column":68}},"type":"binary-expr","locations":[{"start":{"line":2,"column":9},"end":{"line":2,"column":38}},{"start":{"line":2,"column":42},"end":{"line":2,"column":68}}],"line":2}},"s":{"0":5},"f":{"0":5},"b":{"0":[5,4]},"_coverageSchema":"1a1c01bbd47fc00a2c39e90264f33305004495a9","hash":"b499efed8d36ebcec6ec401e3eb66f5664e6e061"}
}
