TN:
SF:src/api/course-book-finder.js
FN:5,(anonymous_0)
FN:18,(anonymous_1)
FN:27,(anonymous_2)
FN:45,(anonymous_3)
FN:50,(anonymous_4)
FN:91,(anonymous_5)
FN:111,(anonymous_6)
FN:112,(anonymous_7)
FN:123,(anonymous_8)
FN:126,(anonymous_9)
FNF:10
FNH:10
FNDA:15,(anonymous_0)
FNDA:9,(anonymous_1)
FNDA:8,(anonymous_2)
FNDA:5,(anonymous_3)
FNDA:5,(anonymous_4)
FNDA:7,(anonymous_5)
FNDA:5,(anonymous_6)
FNDA:261,(anonymous_7)
FNDA:5,(anonymous_8)
FNDA:8,(anonymous_9)
DA:1,1
DA:2,1
DA:6,15
DA:7,15
DA:19,9
DA:20,1
DA:23,8
DA:24,8
DA:25,8
DA:27,8
DA:28,8
DA:29,8
DA:31,8
DA:46,5
DA:47,5
DA:48,5
DA:50,5
DA:51,5
DA:52,222
DA:54,222
DA:55,1
DA:58,1
DA:61,221
DA:63,221
DA:64,514
DA:65,514
DA:68,221
DA:74,5
DA:79,5
DA:92,7
DA:93,7
DA:95,7
DA:96,2
DA:98,5
DA:99,5
DA:102,7
DA:112,261
DA:124,5
DA:126,5
DA:127,8
DA:128,8
DA:130,8
DA:137,5
DA:141,1
LF:44
LH:44
BRDA:19,0,0,1
BRDA:19,0,1,8
BRDA:25,1,0,8
BRDA:25,1,1,5
BRDA:54,2,0,1
BRDA:54,2,1,221
BRDA:95,3,0,2
BRDA:95,3,1,5
BRF:8
BRH:8
end_of_record
TN:
SF:src/helpers/debounce.js
FN:1,_debounce
FN:3,executedFunction
FN:7,(anonymous_2)
FNF:3
FNH:3
FNDA:1,_debounce
FNDA:100,executedFunction
FNDA:1,(anonymous_2)
DA:3,1
DA:4,100
DA:5,100
DA:7,100
DA:8,1
DA:9,1
DA:12,100
DA:13,100
LF:8
LH:8
BRF:0
BRH:0
end_of_record
TN:
SF:src/helpers/is-empty-object.js
FN:1,_isEmptyObject
FNF:1
FNH:1
FNDA:4,_isEmptyObject
DA:2,4
LF:1
LH:1
BRDA:2,0,0,4
BRDA:2,0,1,3
BRF:2
BRH:2
end_of_record
