TN:
SF:src/components/SearchBar/auto-complete.js
FN:3,AutoCompleteList
FN:15,(anonymous_1)
FN:15,(anonymous_2)
FN:19,(anonymous_3)
FN:23,(anonymous_4)
FN:27,(anonymous_5)
FN:34,(anonymous_6)
FNF:7
FNH:7
FNDA:5,AutoCompleteList
FNDA:5,(anonymous_1)
FNDA:1,(anonymous_2)
FNDA:1,(anonymous_3)
FNDA:1,(anonymous_4)
FNDA:1,(anonymous_5)
FNDA:5,(anonymous_6)
DA:13,5
DA:15,5
DA:16,1
DA:19,5
DA:20,1
DA:23,5
DA:24,1
DA:27,5
DA:28,1
DA:29,1
DA:32,5
DA:35,5
DA:46,5
LF:13
LH:13
BRDA:32,0,0,5
BRDA:32,0,1,5
BRDA:32,0,2,5
BRF:3
BRH:3
end_of_record
